{"/Users/Me/projects/training/training/App.js": {"path":"/Users/Me/projects/training/training/App.js","statementMap":{"0":{"start":{"line":10,"column":4},"end":{"line":16,"column":6}},"1":{"start":{"line":20,"column":15},"end":{"line":27,"column":2}}},"fnMap":{"0":{"name":"(anonymous_0)","decl":{"start":{"line":9,"column":2},"end":{"line":9,"column":3}},"loc":{"start":{"line":9,"column":11},"end":{"line":17,"column":3}},"line":9}},"branchMap":{},"s":{"0":1,"1":1},"f":{"0":1},"b":{},"_coverageSchema":"332fd63041d2c1bcb487cc26dd0d5f7d97098a6c","hash":"a23b35995df70f28ddb3219b3038007e209ef656"}
,"/Users/Me/projects/training/training/src/App.js": {"path":"/Users/Me/projects/training/training/src/App.js","statementMap":{"0":{"start":{"line":10,"column":4},"end":{"line":14,"column":6}}},"fnMap":{"0":{"name":"(anonymous_0)","decl":{"start":{"line":9,"column":2},"end":{"line":9,"column":3}},"loc":{"start":{"line":9,"column":11},"end":{"line":15,"column":3}},"line":9}},"branchMap":{},"s":{"0":1},"f":{"0":1},"b":{},"_coverageSchema":"332fd63041d2c1bcb487cc26dd0d5f7d97098a6c","hash":"607c620086722c9e759e27e8be8d491317ac5da0"}
,"/Users/Me/projects/training/training/src/features/auth/screens/LoginScreen.js": {"path":"/Users/Me/projects/training/training/src/features/auth/screens/LoginScreen.js","statementMap":{"0":{"start":{"line":8,"column":4},"end":{"line":12,"column":6}}},"fnMap":{"0":{"name":"(anonymous_0)","decl":{"start":{"line":7,"column":2},"end":{"line":7,"column":3}},"loc":{"start":{"line":7,"column":11},"end":{"line":13,"column":3}},"line":7}},"branchMap":{},"s":{"0":1},"f":{"0":1},"b":{},"_coverageSchema":"332fd63041d2c1bcb487cc26dd0d5f7d97098a6c","hash":"0497b2d982dfd827f647af879d4c56882dad1145"}
,"/Users/Me/projects/training/training/src/features/repository/screens/RepositoryScreen.js": {"path":"/Users/Me/projects/training/training/src/features/repository/screens/RepositoryScreen.js","statementMap":{"0":{"start":{"line":8,"column":4},"end":{"line":12,"column":6}}},"fnMap":{"0":{"name":"(anonymous_0)","decl":{"start":{"line":7,"column":2},"end":{"line":7,"column":3}},"loc":{"start":{"line":7,"column":11},"end":{"line":13,"column":3}},"line":7}},"branchMap":{},"s":{"0":1},"f":{"0":1},"b":{},"_coverageSchema":"332fd63041d2c1bcb487cc26dd0d5f7d97098a6c","hash":"62845ae3539f3ec1da693f1d87e554035273bcdf"}
}
